#
# There is insufficient memory for the Java Runtime Environment to continue.
# Native memory allocation (mmap) failed to map 268435456 bytes for Failed to commit area from 0x0000000701a00000 to 0x0000000711a00000 of length 268435456.
# Possible reasons:
#   The system is out of physical RAM or swap space
#   The process is running with CompressedOops enabled, and the Java Heap may be blocking the growth of the native heap
# Possible solutions:
#   Reduce memory load on the system
#   Increase physical memory or swap space
#   Check if swap backing store is full
#   Decrease Java heap size (-Xmx/-Xms)
#   Decrease number of Java threads
#   Decrease Java thread stack sizes (-Xss)
#   Set larger code cache with -XX:ReservedCodeCacheSize=
# This output file may be truncated or incomplete.
#
#  Out of Memory Error (./src/hotspot/os/windows/os_windows.cpp:3386), pid=24564, tid=3336
#
# JRE version:  (11.0.16.1+1) (build )
# Java VM: OpenJDK 64-Bit Server VM (11.0.16.1+1-LTS, mixed mode, sharing, tiered, compressed oops, g1 gc, windows-amd64)
# No core dump will be written. Minidumps are not enabled by default on client versions of Windows
#

---------------  S U M M A R Y ------------

Command Line: com.xamarin.manifestmerger.Main obj\Debug\net7.0-android\android\manifestmerger.rsp

Host: Intel(R) Core(TM) i7-4750HQ CPU @ 2.00GHz, 8 cores, 15G,  Windows 10 , 64 bit Build 19041 (10.0.19041.3031)
Time: Fri Jul 14 18:10:58 2023 Paris, Madrid (heure duild 19041 (10.0.19041.3031) elapsed time: 0.016784 seconds (0d 0h 0m 0s)

---------------  T H R E A D  ---------------

Current thread (0x000001a952b4b000):  JavaThread "Unknown thread" [_thread_in_vm, id=3336, stack(0x0000002f58f00000,0x0000002f59000000)]

Stack: [0x0000002f58f00000,0x0000002f59000000]
Native frames: (J=compiled Java code, j=interpreted, Vv=VM code, C=native code)
V  [jvm.dll+0x62652a]
V  [jvm.dll+0x7b3249]
V  [jvm.dll+0x7b4938]
V  [jvm.dll+0x7b5013]
V  [jvm.dll+0x24fca8]
V  [jvm.dll+0x62383a]
V  [jvm.dll+0x617fe5]
V  [jvm.dll+0x307bac]
V  [jvm.dll+0x307a32]
V  [jvm.dll+0x30c746]
V  [jvm.dll+0x352b9f]
V  [jvm.dll+0x3525d0]
V  [jvm.dll+0x2e4ba8]
V  [jvm.dll+0x2e5d06]
V  [jvm.dll+0x78d097]
V  [jvm.dll+0x78e81f]
V  [jvm.dll+0x35f8e9]
V  [jvm.dll+0x770000]
V  [jvm.dll+0x3cd40f]
V  [jvm.dll+0x3cf7a1]
C  [jli.dll+0x5207]
C  [ucrtbase.dll+0x21bb2]
C  [KERNEL32.DLL+0x17614]
C  [ntdll.dll+0x526f1]


---------------  P R O C E S S  ---------------

Threads class SMR info:
_java_thread_list=0x000001a95094ffb0, length=0, elements={
}

Java Threads: ( => current thread )

Other Threads:
  0x000001a952b61800 GCTaskThread "GC Thread#0" [stack: 0x0000002f59000000,0x0000002f59100000] [id=16072]
  0x000001a952bc2000 ConcurrentGCThread "G1 Main Marker" [stack: 0x0000002f59100000,0x0000002f59200000] [id=20952]
  0x000001a952bc4800 ConcurrentGCThread "G1 Conc#0" [stack: 0x0000002f59200000,0x0000002f59300000] [id=19344]

[error occurred during error reporting (printing all threads), id 0xc0000005, EXCEPTION_ACCESS_VIOLATION (0xc0000005) at pc=0x00007ffea6984377]

VM state:not at safepoint (not fully initialized)

VM Mutex/Monitor currently owned by a thread:  ([mutex/lock_event])
[0x000001a952b47c40] Heap_lock - owner thread: 0x000001a952b4b000

Heap address: 0x0000000701a00000, size: 4070 MB, Compressed Oops mode: Non-zero based: 0x0000000701a00000
Narrow klass base: 0x0000000000000000, Narrow klass shift: 0

GC Heap History (0 events):
No events

Deoptimization events (0 events):
No events

Classes redefined (0 events):
No events

Internal exceptions (0 events):
No events

Events (1 events):
Event: 0.010 Loaded shared library C:\Program Files\Microsoft\jdk-11.0.16.101-hotspot\bin\zip.dll


Dynamic libraries:
0x00007ff70e7b0000 - 0x00007ff70e7bd000 	C:\Program Files\Microsoft\jdk-11.0.16.101-hotspot\bin\java.exe
0x00007fff75c30000 - 0x00007fff75e28000 	C:\WINDOWS\SYSTEM32\ntdll.dll
0x00007fff74810000 - 0x00007fff748cf000 	C:\WINDOWS\System32\KERNEL32.DLL
0x00007fff73440000 - 0x00007fff73736000 	C:\WINDOWS\System32\KERNELBASE.dll
0x00007fff73340000 - 0x00007fff73440000 	C:\WINDOWS\System32\ucrtbase.dll
0x00007fff198e0000 - 0x00007fff198f7000 	C:\Program Files\Microsoft\jdk-11.0.16.101-hotspot\bin\jli.dll
0x00007fff19810000 - 0x00007fff19825000 	C:\Program Files\Microsoft\jdk-11.0.16.101-hotspot\bin\VCRUNTIME140.dll
0x00007fff74f10000 - 0x00007fff750ad000 	C:\WINDOWS\System32\USER32.dll
0x00007fff73310000 - 0x00007fff73332000 	C:\WINDOWS\System32\win32u.dll
0x00007fff748d0000 - 0x00007fff748fc000 	C:\WINDOWS\System32\GDI32.dll
0x00007fff61900000 - 0x00007fff61b9a000 	C:\WINDOWS\WinSxS\amd64_microsoft.windows.common-controls_6595b64144ccf1df_6.0.19041.1110_none_60b5254171f9507e\COMCTL32.dll
0x00007fff73a60000 - 0x00007fff73b75000 	C:\WINDOWS\System32\gdi32full.dll
0x00007fff75a30000 - 0x00007fff75ace000 	C:\WINDOWS\System32\msvcrt.dll
0x00007fff73950000 - 0x00007fff739ed000 	C:\WINDOWS\System32\msvcp_win.dll
0x00007fff73dc0000 - 0x00007fff73df0000 	C:\WINDOWS\System32\IMM32.DLL
0x00007ffec3060000 - 0x00007ffec30fb000 	C:\Program Files\Microsoft\jdk-11.0.16.101-hotspot\bin\msvcp140.dll
0x00007ffea6690000 - 0x00007ffea721a000 	C:\Program Files\Microsoft\jdk-11.0.16.101-hotspot\bin\server\jvm.dll
0x00007fff74e60000 - 0x00007fff74f0f000 	C:\WINDOWS\System32\ADVAPI32.dll
0x00007fff75b50000 - 0x00007fff75bec000 	C:\WINDOWS\System32\sechost.dll
0x00007fff749e0000 - 0x00007fff74b06000 	C:\WINDOWS\System32\RPCRT4.dll
0x00007fff74400000 - 0x00007fff74408000 	C:\WINDOWS\System32\PSAPI.DLL
0x00007fff5b2f0000 - 0x00007fff5b2f9000 	C:\WINDOWS\SYSTEM32\WSOCK32.dll
0x00007fff66960000 - 0x00007fff66987000 	C:\WINDOWS\SYSTEM32\WINMM.dll
0x00007fff684e0000 - 0x00007fff684ea000 	C:\WINDOWS\SYSTEM32\VERSION.dll
0x00007fff74b10000 - 0x00007fff74b7b000 	C:\WINDOWS\System32\WS2_32.dll
0x00007fff711c0000 - 0x00007fff711d2000 	C:\WINDOWS\SYSTEM32\kernel.appcore.dll
0x00007fff465d0000 - 0x00007fff465e0000 	C:\Program Files\Microsoft\jdk-11.0.16.101-hotspot\bin\verify.dll
0x00007fff5b0e0000 - 0x00007fff5b2c4000 	C:\WINDOWS\SYSTEM32\DBGHELP.DLL
0x00007fff5b0a0000 - 0x00007fff5b0d4000 	C:\WINDOWS\SYSTEM32\dbgcore.DLL
0x00007fff73c00000 - 0x00007fff73c82000 	C:\WINDOWS\System32\bcryptPrimitives.dll
0x00007ffec42f0000 - 0x00007ffec4318000 	C:\Program Files\Microsoft\jdk-11.0.16.101-hotspot\bin\java.dll
0x00007fff449b0000 - 0x00007fff449ba000 	C:\Program Files\Microsoft\jdk-11.0.16.101-hotspot\bin\jimage.dll
0x00007fff197f0000 - 0x00007fff19808000 	C:\Program Files\Microsoft\jdk-11.0.16.101-hotspot\bin\zip.dll

dbghelp: loaded successfully - version: 4.0.5 - missing functions: none
symbol engine: initialized successfully - sym options: 0x614 - pdb path: .;C:\Program Files\Microsoft\jdk-11.0.16.101-hotspot\bin;C:\WINDOWS\SYSTEM32;C:\WINDOWS\WinSxS\amd64_microsoft.windows.common-controls_6595b64144ccf1df_6.0.19041.1110_none_60b5254171f9507e;C:\Program Files\Microsoft\jdk-11.0.16.101-hotspot\bin\server

VM Arguments:
java_command: com.xamarin.manifestmerger.Main obj\Debug\net7.0-android\android\manifestmerger.rsp
java_class_path (initial): C:\Program Files\dotnet\packs\Microsoft.Android.Sdk.Windows\33.0.46\tools\manifestmerger.jar
Launcher Type: SUN_STANDARD

[Global flags]
     intx CICompilerCount                          = 4                                         {product} {ergonomic}
     uint ConcGCThreads                            = 2                                         {product} {ergonomic}
     uint G1ConcRefinementThreads                  = 8                                         {product} {ergonomic}
   size_t G1HeapRegionSize                         = 1048576                                   {product} {ergonomic}
    uintx GCDrainStackTargetSize                   = 64                                        {product} {ergonomic}
   size_t InitialHeapSize                          = 268435456                                 {product} {ergonomic}
   size_t MarkStackSize                            = 4194304                                   {product} {ergonomic}
   size_t MaxHeapSize                              = 4267704320                                {product} {ergonomic}
   size_t MinHeapDeltaBytes                        = 1048576                                   {product} {ergonomic}
    uintx NonNMethodCodeHeapSize                   = 5836300                                {pd product} {ergonomic}
    uintx NonProfiledCodeHeapSize                  = 122910970                              {pd product} {ergonomic}
    uintx ProfiledCodeHeapSize                     = 122910970                              {pd product} {ergonomic}
    uintx ReservedCodeCacheSize                    = 251658240                              {pd product} {ergonomic}
     bool SegmentedCodeCache                       = true                                      {product} {ergonomic}
     bool UseCompressedClassPointers               = true                                 {lp64_product} {ergonomic}
     bool UseCompressedOops                        = true                                 {lp64_product} {ergonomic}
     bool UseG1GC                                  = true                                      {product} {ergonomic}
     bool UseLargePagesIndividualAllocation        = false                                  {pd product} {ergonomic}

Logging:
Log output configuration:
 #0: stdout all=warning uptime,level,tags
 #1: stderr all=off uptime,level,tags

Environment Variables:
PATH=C:\Program Files\Microsoft\jdk-11.0.16.101-hotspot\bin;C:\Program Files (x86)\Intel\iCLS Client\;C:\Program Files\Intel\iCLS Client\;C:\Windows\system32;C:\Windows;C:\Windows\System32\Wbem;C:\Windows\System32\WindowsPowerShell\v1.0\;C:\Program Files (x86)\NVIDIA Corporation\PhysX\Common;C:\Program Files (x86)\Intel\Intel(R) Management Engine Components\DAL;C:\Program Files\Intel\Intel(R) Management Engine Components\DAL;C:\Program Files (x86)\Intel\Intel(R) Management Engine Components\IPT;C:\Program Files\Intel\Intel(R) Management Engine Components\IPT;C:\Program Files\Microsoft SQL Server\130\Tools\Binn\;C:\WINDOWS\system32;C:\WINDOWS;C:\WINDOWS\System32\Wbem;C:\WINDOWS\System32\WindowsPowerShell\v1.0\;C:\Program Files\Intel\WiFi\bin\;C:\Program Files\Common Files\Intel\WirelessCommon\;C:\WINDOWS\System32\OpenSSH\;C:\Program Files\Git\cmd;C:\Program Files\Microsoft SQL Server\150\Tools\Binn\;C:\Program Files\Microsoft SQL Server\Client SDK\ODBC\170\Tools\Binn\;C:\Program Files\dotnet\;C:\Users\Owner\AppData\Local\Microsoft\WindowsApps;C:\Users\Owner\.dotnet\tools;C:\Users\Owner\.nuget\packages\swipeactionadapter\1.0.0\tools
USERNAME=Owner
OS=Windows_NT
PROCESSOR_IDENTIFIER=Intel64 Family 6 Model 70 Stepping 1, GenuineIntel
TMP=C:\Users\Owner\AppData\Local\Temp
TEMP=C:\Users\Owner\AppData\Local\Temp



---------------  S Y S T E M  ---------------

OS: Windows 10 , 64 bit Build 19041 (10.0.19041.3031)
OS uptime: 0 days 20:03 hours

CPU:total 8 (initial active 8) (4 cores per cpu, 2 threads per core) family 6 model 70 stepping 1 microcode 0x1b, cmov, cx8, fxsr, mmx, sse, sse2, sse3, ssse3, sse4.1, sse4.2, popcnt, avx, avx2, aes, clmul, erms, lzcnt, ht, tsc, tscinvbit, bmi1, bmi2, fma

Memory: 4k page, system-wide physical 16273M (860M free)
TotalPageFile size 25194M (AvailPageFile size 33M)
current process WorkingSet (physical memory assigned to process): 10M, peak: 10M
current process commit charge ("private bytes"): 60M, peak: 316M

vm_info: OpenJDK 64-Bit Server VM (11.0.16.1+1-LTS) for windows-amd64 JRE (11.0.16.1+1-LTS), built on Aug 20 2022 20:09:04 by "" with MS VC++ 15.9 (VS2017)

END.
